<?xml version="1.0" encoding="UTF-8"?>
<testng-results skipped="0" failed="0" total="1" passed="1">
  <reporter-output>
  </reporter-output>
  <suite name="Suite" duration-ms="36852" started-at="2018-11-20T09:07:42Z" finished-at="2018-11-20T09:08:19Z">
    <groups>
    </groups>
    <test name="Test" duration-ms="36852" started-at="2018-11-20T09:07:42Z" finished-at="2018-11-20T09:08:19Z">
      <class name="eleks.eset.sample.SmokeTests">
        <test-method status="PASS" signature="setUp()[pri:0, instance:eleks.eset.sample.SmokeTests@7b2ccba5]" name="setUp" is-config="true" duration-ms="15290" started-at="2018-11-20T11:07:42Z" finished-at="2018-11-20T11:07:57Z">
          <reporter-output>
          </reporter-output>
        </test-method> <!-- setUp -->
        <test-method status="PASS" signature="CollapseExpandTest(java.lang.String, java.lang.String, java.lang.String)[pri:6, instance:eleks.eset.sample.SmokeTests@7b2ccba5]" name="CollapseExpandTest" duration-ms="20529" started-at="2018-11-20T11:07:57Z" data-provider="TestData1" finished-at="2018-11-20T11:08:18Z">
          <params>
            <param index="0">
              <value>
                <![CDATA[Administrator]]>
              </value>
            </param>
            <param index="1">
              <value>
                <![CDATA[Passw0rd1234]]>
              </value>
            </param>
            <param index="2">
              <value>
                <![CDATA[MyName]]>
              </value>
            </param>
          </params>
          <reporter-output>
          </reporter-output>
        </test-method> <!-- CollapseExpandTest -->
        <test-method status="PASS" signature="tearDown(org.testng.ITestResult)[pri:0, instance:eleks.eset.sample.SmokeTests@7b2ccba5]" name="tearDown" is-config="true" duration-ms="9" started-at="2018-11-20T11:08:18Z" finished-at="2018-11-20T11:08:18Z">
          <params>
            <param index="0">
              <value>
                <![CDATA[[TestResult name=CollapseExpandTest status=SUCCESS method=SmokeTests.CollapseExpandTest(java.lang.String, java.lang.String, java.lang.String)[pri:6, instance:eleks.eset.sample.SmokeTests@7b2ccba5] output={null}]]]>
              </value>
            </param>
          </params>
          <reporter-output>
          </reporter-output>
        </test-method> <!-- tearDown -->
        <test-method status="PASS" signature="close()[pri:0, instance:eleks.eset.sample.SmokeTests@7b2ccba5]" name="close" is-config="true" duration-ms="910" started-at="2018-11-20T11:08:18Z" finished-at="2018-11-20T11:08:19Z">
          <reporter-output>
          </reporter-output>
        </test-method> <!-- close -->
      </class> <!-- eleks.eset.sample.SmokeTests -->
    </test> <!-- Test -->
  </suite> <!-- Suite -->
</testng-results>
